<?xml version="1.0" encoding="UTF-8"?>
<!-- Generated by org.testng.reporters.JUnitReportReporter -->
<testsuite hostname="DESKTOP-3BDQ997" failures="0" tests="1" name="testCases.Tc_001_AccountRegistrationTest_" time="3.113" errors="0" timestamp="2025-02-28T14:05:21 IST" skipped="0">
  <testcase classname="testCases.Tc_001_AccountRegistrationTest_" name="verify_account_registration" time="3.113"/>
</testsuite> <!-- testCases.Tc_001_AccountRegistrationTest_ -->
