<?xml version="1.0" encoding="UTF-8"?>
<!-- Generated by org.testng.reporters.JUnitReportReporter -->
<testsuite hostname="DESKTOP-3BDQ997" failures="0" tests="1" name="testCases.Tc_002_LogInTest" time="0.000" errors="0" timestamp="2025-03-08T13:29:39 IST" skipped="1">
  <testcase classname="testCases.Tc_002_LogInTest" name="verify_Login" time="0.000">
    <skipped/>
  </testcase> <!-- verify_Login -->
</testsuite> <!-- testCases.Tc_002_LogInTest -->
