<?xml version="1.0" encoding="UTF-8"?>
<!-- Generated by org.testng.reporters.JUnitReportReporter -->
<testsuite hostname="DESKTOP-3BDQ997" failures="0" tests="1" name="testCases.Tc_001_AccountRegistrationTest" time="2.644" errors="0" timestamp="2025-03-08T16:11:28 IST" skipped="0">
  <testcase classname="testCases.Tc_001_AccountRegistrationTest" name="verify_account_registration" time="2.644"/>
</testsuite> <!-- testCases.Tc_001_AccountRegistrationTest -->
